Removed Pin From Net: NetName=CAN1_P Pin=R6-1
Removed Pin From Net: NetName=NetP4_1 Pin=R6-2
Change Component Footprint: Designator=P12 Old Footprint=GH1.25-2P（立式） New Footprint=XH2.54-LI-2P
Change Component Footprint: Designator=P13 Old Footprint=GH1.25-2P（立式） New Footprint=XH2.54-LI-2P
Change Component Footprint: Designator=P5 Old Footprint=Header1*3XH2.54 New Footprint=XH2.54-WI-3P
Change Component Footprint: Designator=P6 Old Footprint=Header1*3XH2.54 New Footprint=XH2.54-WI-3P
Change Component Footprint: Designator=P7 Old Footprint=Header1*3XH2.54 New Footprint=XH2.54-WI-3P
Change Component Footprint: Designator=P8 Old Footprint=Header1*3XH2.54 New Footprint=XH2.54-WI-3P
Change Component Footprint: Designator=P9 Old Footprint=Header1*3XH2.54 New Footprint=XH2.54-WI-3P
Change Component Footprint: Designator=P10 Old Footprint=Header1*3XH2.54 New Footprint=XH2.54-WI-3P
Change Component Footprint: Designator=P1 Old Footprint=Header1*8_XH2.54_zhi New Footprint=XH2.54-WI-8P
Added Component: Designator=C17(C0603)
Add component. Clean all parameters for all variants
Added Component: Designator=C18(C0603)
Add component. Clean all parameters for all variants
Added Component: Designator=D3(MINI_MELF (LL34))
Add component. Clean all parameters for all variants
Add component (AddParameter): Name = "Code_JEDEC"; Value = "DO-214-AB"; VariantName = "[No Variations]"
Add component (AddParameter): Name = "LatestRevisionDate"; Value = "17-Jul-2002"; VariantName = "[No Variations]"
Add component (AddParameter): Name = "LatestRevisionNote"; Value = "Re-released for DXP Platform."; VariantName = "[No Variations]"
Add component (AddParameter): Name = "PackageDescription"; Value = "DO-214-AB/SMC; 2 C-Bend Leads; Body 7.9 x 5.9 mm, inc. leads (LxW)"; VariantName = "[No Variations]"
Add component (AddParameter): Name = "PackageReference"; Value = "SMC"; VariantName = "[No Variations]"
Add component (AddParameter): Name = "PackageVersion"; Value = "Sep-1996"; VariantName = "[No Variations]"
Add component (AddParameter): Name = "Published"; Value = "8-Jun-2000"; VariantName = "[No Variations]"
Add component (AddParameter): Name = "Publisher"; Value = "Altium Limited"; VariantName = "[No Variations]"
Added Component: Designator=D4(MINI_MELF (LL34))
Add component. Clean all parameters for all variants
Add component (AddParameter): Name = "Code_JEDEC"; Value = "DO-214-AB"; VariantName = "[No Variations]"
Add component (AddParameter): Name = "LatestRevisionDate"; Value = "17-Jul-2002"; VariantName = "[No Variations]"
Add component (AddParameter): Name = "LatestRevisionNote"; Value = "Re-released for DXP Platform."; VariantName = "[No Variations]"
Add component (AddParameter): Name = "PackageDescription"; Value = "DO-214-AB/SMC; 2 C-Bend Leads; Body 7.9 x 5.9 mm, inc. leads (LxW)"; VariantName = "[No Variations]"
Add component (AddParameter): Name = "PackageReference"; Value = "SMC"; VariantName = "[No Variations]"
Add component (AddParameter): Name = "PackageVersion"; Value = "Sep-1996"; VariantName = "[No Variations]"
Add component (AddParameter): Name = "Published"; Value = "8-Jun-2000"; VariantName = "[No Variations]"
Add component (AddParameter): Name = "Publisher"; Value = "Altium Limited"; VariantName = "[No Variations]"
Added Component: Designator=R10(R0603)
Add component. Clean all parameters for all variants
Added Pin To Net: NetName=CAN1_N Pin=C17-1
Added Pin To Net: NetName=GND Pin=C17-2
Added Pin To Net: NetName=GND Pin=C18-1
Added Pin To Net: NetName=CAN1_P Pin=C18-2
Added Pin To Net: NetName=GND Pin=D3-1
Added Pin To Net: NetName=CAN1_P Pin=D3-2
Added Pin To Net: NetName=GND Pin=D4-1
Added Pin To Net: NetName=CAN1_N Pin=D4-2
Added Pin To Net: NetName=NetP4_1 Pin=R10-1
Added Pin To Net: NetName=CAN1_P Pin=R10-2
